# Log file : cell.log
# Generated on : 2022-Apr-05 01:33:56
# (1) step (2) area (3) avg_perim (4) size (5) vp_energy 
       0  0.02943242  6.43266570    1496  -1.596143e+04  
     100  2.91065875  6.38727836    1496  -1.599520e+04  
     200  2.89750601  6.37767106    1496  -1.599973e+04  
     300  2.89049725  6.37270017    1496  -1.600174e+04  
     400  2.88602724  6.36941317    1496  -1.600294e+04  
     500  2.88279919  6.36704921    1496  -1.600380e+04  
     600  2.88015566  6.36520752    1496  -1.600452e+04  
     700  2.87769660  6.36362540    1496  -1.600521e+04  
     800  2.87513071  6.36220377    1496  -1.600594e+04  
     900  2.87267302  6.36081646    1496  -1.600661e+04  
    1000  2.87013982  6.35948730    1496  -1.600729e+04  
    1100  2.86801965  6.35822527    1496  -1.600779e+04  
    1200  2.86651986  6.35727145    1496  -1.600812e+04  
    1300  2.86522343  6.35647993    1496  -1.600839e+04  
    1400  2.86414915  6.35578741    1496  -1.600861e+04  
    1500  2.86328899  6.35520027    1496  -1.600877e+04  
    1600  2.86262125  6.35471289    1496  -1.600889e+04  
    1700  2.86201997  6.35429634    1496  -1.600900e+04  
    1800  2.86145668  6.35393266    1496  -1.600910e+04  
    1900  2.86090777  6.35355874    1496  -1.600924e+04  
    2000  2.86038394  6.35322229    1496  -1.600935e+04  
    2100  2.85998930  6.35292945    1496  -1.600942e+04  
    2200  2.85968575  6.35271296    1496  -1.600947e+04  
    2300  2.85941321  6.35253182    1496  -1.600953e+04  
    2400  2.85915475  6.35237267    1496  -1.600957e+04  
    2500  2.85891539  6.35222285    1496  -1.600961e+04  
    2600  2.85872511  6.35209299    1496  -1.600965e+04  
    2700  2.85856333  6.35198199    1496  -1.600968e+04  
    2800  2.85842840  6.35188517    1496  -1.600971e+04  
    2900  2.85831158  6.35180456    1496  -1.600973e+04  
    3000  2.85821042  6.35173410    1496  -1.600975e+04  
    3100  2.85812052  6.35167236    1496  -1.600977e+04  
    3200  2.85804177  6.35162035    1496  -1.600979e+04  
    3300  2.85797282  6.35157545    1496  -1.600981e+04  
    3400  2.85791271  6.35153674    1496  -1.600982e+04  
    3500  2.85786239  6.35150354    1496  -1.600984e+04  
    3600  2.85781590  6.35147502    1496  -1.600985e+04  
    3700  2.85777394  6.35145037    1496  -1.600986e+04  
    3800  2.85773533  6.35143010    1496  -1.600988e+04  
    3900  2.85769851  6.35141238    1496  -1.600989e+04  
    4000  2.85766487  6.35139553    1496  -1.600990e+04  
    4100  2.85763327  6.35138185    1496  -1.600991e+04  
    4200  2.85760446  6.35136859    1496  -1.600992e+04  
    4300  2.85757694  6.35135718    1496  -1.600993e+04  
    4400  2.85755071  6.35134754    1496  -1.600994e+04  
    4500  2.85752745  6.35134109    1496  -1.600994e+04  
    4600  2.85750698  6.35133458    1496  -1.600995e+04  
    4700  2.85748636  6.35132831    1496  -1.600996e+04  
    4800  2.85746884  6.35132565    1496  -1.600997e+04  
    4900  2.85745257  6.35132144    1496  -1.600997e+04  
    5000  2.85744263  6.35132082    1496  -1.600998e+04  
    5100  2.85743324  6.35132155    1496  -1.600998e+04  
    5200  2.85742627  6.35132210    1496  -1.600999e+04  
    5300  2.85742155  6.35132578    1496  -1.601000e+04  
    5400  2.85741558  6.35132895    1496  -1.601000e+04  
    5500  2.85741107  6.35133106    1496  -1.601000e+04  
    5600  2.85740819  6.35133571    1496  -1.601001e+04  
    5700  2.85740395  6.35133991    1496  -1.601001e+04  
    5800  2.85740080  6.35134269    1496  -1.601002e+04  
    5900  2.85739894  6.35134767    1496  -1.601002e+04  
    6000  2.85739582  6.35135242    1496  -1.601002e+04  
    6100  2.85739353  6.35135548    1496  -1.601003e+04  
    6200  2.85739231  6.35136047    1496  -1.601003e+04  
    6300  2.85738996  6.35136553    1496  -1.601003e+04  
    6400  2.85738826  6.35136865    1496  -1.601004e+04  
    6500  2.85738742  6.35137349    1496  -1.601004e+04  
    6600  2.85738565  6.35137870    1496  -1.601004e+04  
    6700  2.85738434  6.35138175    1496  -1.601004e+04  
    6800  2.85738374  6.35138633    1496  -1.601005e+04  
    6900  2.85738239  6.35139158    1496  -1.601005e+04  
    7000  2.85738137  6.35139450    1496  -1.601005e+04  
    7100  2.85738090  6.35139875    1496  -1.601005e+04  
    7200  2.85737988  6.35140399    1496  -1.601005e+04  
    7300  2.85737904  6.35140672    1496  -1.601006e+04  
    7400  2.85737864  6.35141062    1496  -1.601006e+04  
    7500  2.85737788  6.35141582    1496  -1.601006e+04  
    7600  2.85737718  6.35141834    1496  -1.601006e+04  
    7700  2.85737680  6.35142187    1496  -1.601006e+04  
    7800  2.85737625  6.35142699    1496  -1.601006e+04  
    7900  2.85737566  6.35142929    1496  -1.601006e+04  
    8000  2.85737525  6.35143245    1496  -1.601007e+04  
    8100  2.85737489  6.35143750    1496  -1.601007e+04  
    8200  2.85737437  6.35143958    1496  -1.601007e+04  
    8300  2.85737393  6.35144238    1496  -1.601007e+04  
    8400  2.85737372  6.35144734    1496  -1.601007e+04  
    8500  2.85737330  6.35144922    1496  -1.601007e+04  
    8600  2.85737289  6.35145170    1496  -1.601007e+04  
    8700  2.85737290  6.35145661    1496  -1.601007e+04  
    8800  2.85737255  6.35145830    1496  -1.601007e+04  
    8900  2.85737209  6.35146045    1496  -1.601007e+04  
    9000  2.85737222  6.35146529    1496  -1.601007e+04  
    9100  2.85737190  6.35146678    1496  -1.601007e+04  
    9200  2.85737172  6.35146946    1496  -1.601008e+04  
    9300  2.85737130  6.35147132    1496  -1.601008e+04  
    9400  2.85737127  6.35147409    1496  -1.601008e+04  
    9500  2.85737122  6.35147722    1496  -1.601008e+04  
    9600  2.85737122  6.35148095    1496  -1.601008e+04  
    9700  2.85737107  6.35148335    1496  -1.601008e+04  
    9800  2.85737090  6.35148568    1496  -1.601008e+04  
    9900  2.85737074  6.35148796    1496  -1.601008e+04  
   10000  2.85737059  6.35149019    1496  -1.601008e+04  
